c:\users\benjamin\desktop\software dev\miracle gb rewrite - sound library\debug\vc141.pdb
c:\users\benjamin\desktop\software dev\miracle gb rewrite - sound library\debug\vc141.idb
c:\users\benjamin\desktop\software dev\miracle gb rewrite - sound library\debug\debugger.obj
c:\users\benjamin\desktop\software dev\miracle gb rewrite - sound library\debug\fileio.obj
c:\users\benjamin\desktop\software dev\miracle gb rewrite - sound library\debug\gbmemory.obj
c:\users\benjamin\desktop\software dev\miracle gb rewrite - sound library\debug\sdlfunctions.obj
c:\users\benjamin\desktop\software dev\miracle gb rewrite - sound library\debug\sound.obj
c:\users\benjamin\desktop\software dev\miracle gb rewrite - sound library\debug\winmain.obj
c:\users\benjamin\desktop\software dev\miracle gb rewrite - sound library\debug\gbcpu.obj
c:\users\benjamin\desktop\software dev\miracle gb rewrite - sound library\debug\miracle gb.ilk
c:\users\benjamin\desktop\software dev\miracle gb rewrite - sound library\debug\miracle gb.exe
c:\users\benjamin\desktop\software dev\miracle gb rewrite - sound library\debug\miracle gb.pdb
c:\users\benjamin\desktop\software dev\miracle gb rewrite - sound library\debug\resource.res
c:\users\benjamin\desktop\software dev\miracle gb rewrite - sound library\debug\miracle gb.tlog\cl.command.1.tlog
c:\users\benjamin\desktop\software dev\miracle gb rewrite - sound library\debug\miracle gb.tlog\cl.read.1.tlog
c:\users\benjamin\desktop\software dev\miracle gb rewrite - sound library\debug\miracle gb.tlog\cl.write.1.tlog
c:\users\benjamin\desktop\software dev\miracle gb rewrite - sound library\debug\miracle gb.tlog\link.command.1.tlog
c:\users\benjamin\desktop\software dev\miracle gb rewrite - sound library\debug\miracle gb.tlog\link.read.1.tlog
c:\users\benjamin\desktop\software dev\miracle gb rewrite - sound library\debug\miracle gb.tlog\link.write.1.tlog
c:\users\benjamin\desktop\software dev\miracle gb rewrite - sound library\debug\miracle gb.tlog\rc.command.1.tlog
c:\users\benjamin\desktop\software dev\miracle gb rewrite - sound library\debug\miracle gb.tlog\rc.read.1.tlog
c:\users\benjamin\desktop\software dev\miracle gb rewrite - sound library\debug\miracle gb.tlog\rc.write.1.tlog
