c:\users\benjamin\desktop\software dev\miracle gb rewrite - sound library\win32\debug\vc141.pdb
c:\users\benjamin\desktop\software dev\miracle gb rewrite - sound library\win32\debug\vc141.idb
c:\users\benjamin\desktop\software dev\miracle gb rewrite - sound library\win32\debug\winmain.obj
c:\users\benjamin\desktop\software dev\miracle gb rewrite - sound library\win32\debug\sound.obj
c:\users\benjamin\desktop\software dev\miracle gb rewrite - sound library\win32\debug\sdlfunctions.obj
c:\users\benjamin\desktop\software dev\miracle gb rewrite - sound library\win32\debug\gbemu.obj
c:\users\benjamin\desktop\software dev\miracle gb rewrite - sound library\win32\debug\fileio.obj
c:\users\benjamin\desktop\software dev\miracle gb rewrite - sound library\win32\debug\debugger.obj
c:\users\benjamin\desktop\software dev\miracle gb rewrite - sound library\win32\debug\miracle gb.exe
c:\users\benjamin\desktop\software dev\miracle gb rewrite - sound library\win32\debug\miracle gb.ilk
c:\users\benjamin\desktop\software dev\miracle gb rewrite - sound library\win32\debug\miracle gb.pdb
c:\users\benjamin\desktop\software dev\miracle gb rewrite - sound library\win32\debug\resource.res
c:\users\benjamin\desktop\software dev\miracle gb rewrite - sound library\win32\debug\gbemu.obj.enc
c:\users\benjamin\desktop\software dev\miracle gb rewrite - sound library\win32\debug\miracle gb.tlog\cl.command.1.tlog
c:\users\benjamin\desktop\software dev\miracle gb rewrite - sound library\win32\debug\miracle gb.tlog\cl.read.1.tlog
c:\users\benjamin\desktop\software dev\miracle gb rewrite - sound library\win32\debug\miracle gb.tlog\cl.write.1.tlog
c:\users\benjamin\desktop\software dev\miracle gb rewrite - sound library\win32\debug\miracle gb.tlog\link.command.1.tlog
c:\users\benjamin\desktop\software dev\miracle gb rewrite - sound library\win32\debug\miracle gb.tlog\link.read.1.tlog
c:\users\benjamin\desktop\software dev\miracle gb rewrite - sound library\win32\debug\miracle gb.tlog\link.write.1.tlog
c:\users\benjamin\desktop\software dev\miracle gb rewrite - sound library\win32\debug\miracle gb.tlog\rc.command.1.tlog
c:\users\benjamin\desktop\software dev\miracle gb rewrite - sound library\win32\debug\miracle gb.tlog\rc.read.1.tlog
c:\users\benjamin\desktop\software dev\miracle gb rewrite - sound library\win32\debug\miracle gb.tlog\rc.write.1.tlog
